<?xml version="1.0" encoding="UTF-8"?>
<testng-results ignored="0" total="1" passed="1" failed="0" skipped="0">
  <reporter-output>
  </reporter-output>
  <suite started-at="2023-12-01T18:30:37 IST" name="Default suite" finished-at="2023-12-01T18:31:01 IST" duration-ms="23531">
    <groups>
    </groups>
    <test started-at="2023-12-01T18:30:37 IST" name="Default test" finished-at="2023-12-01T18:31:01 IST" duration-ms="23531">
      <class name="org.jobopenings.ExportTemplates">
        <test-method is-config="true" signature="beforeclass()[pri:0, instance:org.jobopenings.ExportTemplates@22555ebf]" started-at="2023-12-01T18:30:37 IST" name="beforeclass" finished-at="2023-12-01T18:30:40 IST" duration-ms="2485" status="PASS">
          <reporter-output>
          </reporter-output>
        </test-method> <!-- beforeclass -->
        <test-method is-config="true" signature="beforemethod()[pri:0, instance:org.jobopenings.ExportTemplates@22555ebf]" started-at="2023-12-01T18:30:40 IST" name="beforemethod" finished-at="2023-12-01T18:30:40 IST" duration-ms="3" status="PASS">
          <reporter-output>
          </reporter-output>
        </test-method> <!-- beforemethod -->
        <test-method signature="test()[pri:0, instance:org.jobopenings.ExportTemplates@22555ebf]" started-at="2023-12-01T18:30:40 IST" name="test" finished-at="2023-12-01T18:31:01 IST" duration-ms="20966" status="PASS">
          <reporter-output>
          </reporter-output>
        </test-method> <!-- test -->
        <test-method is-config="true" signature="aftermethod()[pri:0, instance:org.jobopenings.ExportTemplates@22555ebf]" started-at="2023-12-01T18:31:01 IST" name="aftermethod" finished-at="2023-12-01T18:31:01 IST" duration-ms="0" status="PASS">
          <reporter-output>
          </reporter-output>
        </test-method> <!-- aftermethod -->
      </class> <!-- org.jobopenings.ExportTemplates -->
    </test> <!-- Default test -->
  </suite> <!-- Default suite -->
</testng-results>
