<?xml version="1.0" encoding="UTF-8"?>
<testng-results ignored="0" total="1" passed="0" failed="1" skipped="0">
  <reporter-output>
  </reporter-output>
  <suite started-at="2024-01-05T11:21:53 IST" name="Default suite" finished-at="2024-01-05T11:22:02 IST" duration-ms="9005">
    <groups>
      <group name="cucumber">
        <method signature="AbstractTestNGCucumberTests.runScenario(io.cucumber.testng.PickleWrapper,io.cucumber.testng.FeatureWrapper)[pri:0, instance:run.runn@20d525]" name="runScenario" class="io.cucumber.testng.AbstractTestNGCucumberTests"/>
      </group> <!-- cucumber -->
    </groups>
    <test started-at="2024-01-05T11:21:53 IST" name="Default test" finished-at="2024-01-05T11:22:02 IST" duration-ms="9005">
      <class name="run.runn">
        <test-method is-config="true" signature="setUpClass(org.testng.ITestContext)[pri:0, instance:run.runn@20d525]" started-at="2024-01-05T11:21:53 IST" name="setUpClass" finished-at="2024-01-05T11:21:54 IST" duration-ms="324" status="PASS">
          <params>
            <param index="0">
              <value>
                <![CDATA[org.testng.TestRunner@b606cb6]]>
              </value>
            </param>
          </params>
          <reporter-output>
          </reporter-output>
        </test-method> <!-- setUpClass -->
        <test-method signature="runScenario(io.cucumber.testng.PickleWrapper,io.cucumber.testng.FeatureWrapper)[pri:0, instance:run.runn@20d525]" started-at="2024-01-05T11:21:54 IST" name="runScenario" description="Runs Cucumber Scenarios" data-provider="scenarios" finished-at="2024-01-05T11:22:02 IST" duration-ms="8605" status="FAIL">
          <params>
            <param index="0">
              <value>
                <![CDATA["this is the facebook"]]>
              </value>
            </param>
            <param index="1">
              <value>
                <![CDATA["whre si the facebook"]]>
              </value>
            </param>
          </params>
          <exception class="java.lang.NullPointerException">
            <message>
              <![CDATA[Cannot invoke "org.openqa.selenium.SearchContext.findElement(org.openqa.selenium.By)" because "this.searchContext" is null]]>
            </message>
            <full-stacktrace>
              <![CDATA[java.lang.NullPointerException: Cannot invoke "org.openqa.selenium.SearchContext.findElement(org.openqa.selenium.By)" because "this.searchContext" is null
at org.openqa.selenium.support.pagefactory.DefaultElementLocator.findElement(DefaultElementLocator.java:68)
at org.openqa.selenium.support.pagefactory.internal.LocatingElementHandler.invoke(LocatingElementHandler.java:38)
at jdk.proxy2/jdk.proxy2.$Proxy19.sendKeys(Unknown Source)
at st.steps.clickTheFb(steps.java:25)
at ✽.click the fb(file:///C:/Users/srike/eclipse-workspace/West/src/test/resources/features/add.feature:5)
]]>
            </full-stacktrace>
          </exception> <!-- java.lang.NullPointerException -->
          <reporter-output>
          </reporter-output>
        </test-method> <!-- runScenario -->
        <test-method is-config="true" signature="tearDownClass()[pri:0, instance:run.runn@20d525]" started-at="2024-01-05T11:22:02 IST" name="tearDownClass" finished-at="2024-01-05T11:22:02 IST" duration-ms="6" status="PASS">
          <reporter-output>
          </reporter-output>
        </test-method> <!-- tearDownClass -->
      </class> <!-- run.runn -->
    </test> <!-- Default test -->
  </suite> <!-- Default suite -->
</testng-results>
