<?xml version="1.0" encoding="UTF-8"?>
<testng-results ignored="0" total="2" passed="2" failed="0" skipped="0">
  <reporter-output>
  </reporter-output>
  <suite started-at="2023-11-27T22:31:37 IST" name="Default suite" finished-at="2023-11-27T22:32:43 IST" duration-ms="66642">
    <groups>
      <group name="cucumber">
        <method signature="AbstractTestNGCucumberTests.runScenario(io.cucumber.testng.PickleWrapper,io.cucumber.testng.FeatureWrapper)[pri:0, instance:org.runner.RunnerCk@5bda8e08]" name="runScenario" class="io.cucumber.testng.AbstractTestNGCucumberTests"/>
      </group> <!-- cucumber -->
    </groups>
    <test started-at="2023-11-27T22:31:37 IST" name="Default test" finished-at="2023-11-27T22:32:43 IST" duration-ms="66642">
      <class name="org.runner.RunnerCk">
        <test-method is-config="true" signature="setUpClass(org.testng.ITestContext)[pri:0, instance:org.runner.RunnerCk@5bda8e08]" started-at="2023-11-27T22:31:37 IST" name="setUpClass" finished-at="2023-11-27T22:31:37 IST" duration-ms="858" status="PASS">
          <params>
            <param index="0">
              <value>
                <![CDATA[org.testng.TestRunner@6dd36ab6]]>
              </value>
            </param>
          </params>
          <reporter-output>
          </reporter-output>
        </test-method> <!-- setUpClass -->
        <test-method signature="runScenario(io.cucumber.testng.PickleWrapper,io.cucumber.testng.FeatureWrapper)[pri:0, instance:org.runner.RunnerCk@5bda8e08]" started-at="2023-11-27T22:31:37 IST" name="runScenario" description="Runs Cucumber Scenarios" data-provider="scenarios" finished-at="2023-11-27T22:32:39 IST" duration-ms="61087" status="PASS">
          <params>
            <param index="0">
              <value>
                <![CDATA["login should be fails"]]>
              </value>
            </param>
            <param index="1">
              <value>
                <![CDATA["validate login funcitons"]]>
              </value>
            </param>
          </params>
          <reporter-output>
          </reporter-output>
        </test-method> <!-- runScenario -->
        <test-method signature="runScenario(io.cucumber.testng.PickleWrapper,io.cucumber.testng.FeatureWrapper)[pri:0, instance:org.runner.RunnerCk@5bda8e08]" started-at="2023-11-27T22:32:39 IST" name="runScenario" description="Runs Cucumber Scenarios" data-provider="scenarios" finished-at="2023-11-27T22:32:43 IST" duration-ms="4530" status="PASS">
          <params>
            <param index="0">
              <value>
                <![CDATA["login should be fails"]]>
              </value>
            </param>
            <param index="1">
              <value>
                <![CDATA["validate login funcitons"]]>
              </value>
            </param>
          </params>
          <reporter-output>
          </reporter-output>
        </test-method> <!-- runScenario -->
        <test-method is-config="true" signature="tearDownClass()[pri:0, instance:org.runner.RunnerCk@5bda8e08]" started-at="2023-11-27T22:32:43 IST" name="tearDownClass" finished-at="2023-11-27T22:32:43 IST" duration-ms="70" status="PASS">
          <reporter-output>
          </reporter-output>
        </test-method> <!-- tearDownClass -->
      </class> <!-- org.runner.RunnerCk -->
    </test> <!-- Default test -->
  </suite> <!-- Default suite -->
</testng-results>
