<?xml version="1.0" encoding="UTF-8"?>
<!-- Generated by org.testng.reporters.JUnitReportReporter -->
<testsuite hostname="kuttykeerthi" failures="0" tests="1" name="run.runn" time="8.605" errors="1" timestamp="2024-01-05T11:22:03 IST" skipped="0">
  <testcase classname="run.runn" name="runScenario" time="8.605">
    <error message="Cannot invoke &quot;org.openqa.selenium.SearchContext.findElement(org.openqa.selenium.By)&quot; because &quot;this.searchContext&quot; is null" type="java.lang.NullPointerException">
      <![CDATA[java.lang.NullPointerException: Cannot invoke "org.openqa.selenium.SearchContext.findElement(org.openqa.selenium.By)" because "this.searchContext" is null
at org.openqa.selenium.support.pagefactory.DefaultElementLocator.findElement(DefaultElementLocator.java:68)
at org.openqa.selenium.support.pagefactory.internal.LocatingElementHandler.invoke(LocatingElementHandler.java:38)
at jdk.proxy2/jdk.proxy2.$Proxy19.sendKeys(Unknown Source)
at st.steps.clickTheFb(steps.java:25)
at ✽.click the fb(file:///C:/Users/srike/eclipse-workspace/West/src/test/resources/features/add.feature:5)
]]>
    </error>
  </testcase> <!-- runScenario -->
</testsuite> <!-- run.runn -->
