<?xml version="1.0" encoding="UTF-8"?>
<!-- Generated by org.testng.reporters.JUnitXMLReporter -->
<testsuite ignored="0" hostname="kuttykeerthi" failures="0" tests="3" name="Default test" time="46.742" errors="0" timestamp="2023-12-07T13:40:32 IST">
  <testcase classname="org.jobopenings.Stausgroup" name="createstatus" time="11.412"/>
  <testcase classname="org.jobopenings.Stausgroup" name="updategroupname" time="13.762"/>
  <testcase classname="org.jobopenings.Stausgroup" name="updatestatus" time="14.721"/>
</testsuite> <!-- Default test -->
